2025-11-24T18:44:06-0300 debug dev.tuist.cli : /usr/bin/xcrun swift -suppress-warnings -I /Users/guilherme/.local/share/mise/installs/tuist/4.106.3/bin -L /Users/guilherme/.local/share/mise/installs/tuist/4.106.3/bin -F /Users/guilherme/.local/share/mise/installs/tuist/4.106.3/bin -lProjectDescription -framework ProjectDescription '/Users/guilherme/Desktop/Mobiliza-ios/Bolsa De Horas/Tuist.swift' --tuist-dump
2025-11-24T18:44:07-0300 debug dev.tuist.cli : TUIST_MANIFEST_START
{"url":"https:\/\/tuist.dev","inspectOptions":{"redundantDependencies":{"ignoreTagsMatching":[]}},"project":{"tuist":{"cacheOptions":{"profiles":{"profileByName":{},"defaultProfile":{"onlyExternal":{}}},"keepSourceTargets":false},"compatibleXcodeVersions":{"all":{}},"plugins":[],"generationOptions":{"staticSideEffectsWarningTargets":{"all":{}},"disableSandbox":true,"enforceExplicitDependencies":false,"includeGenerateScheme":true,"buildInsightsDisabled":false,"enableCaching":false,"optionalAuthentication":false,"additionalPackageResolutionArguments":[],"disablePackageVersionLocking":false,"resolveDependenciesWithSystemScm":false},"installOptions":{"passthroughSwiftPackageManagerArguments":[]}}}}
TUIST_MANIFEST_END

2025-11-24T18:44:07-0300 debug dev.tuist.cli : /usr/bin/xcrun swift -suppress-warnings -I /Users/guilherme/.local/share/mise/installs/tuist/4.106.3/bin -L /Users/guilherme/.local/share/mise/installs/tuist/4.106.3/bin -F /Users/guilherme/.local/share/mise/installs/tuist/4.106.3/bin -lProjectDescription -framework ProjectDescription '/Users/guilherme/Desktop/Mobiliza-ios/Bolsa De Horas/Tuist.swift' --tuist-dump
2025-11-24T18:44:07-0300 debug dev.tuist.cli : TUIST_MANIFEST_START
{"project":{"tuist":{"installOptions":{"passthroughSwiftPackageManagerArguments":[]},"generationOptions":{"includeGenerateScheme":true,"enforceExplicitDependencies":false,"optionalAuthentication":false,"additionalPackageResolutionArguments":[],"buildInsightsDisabled":false,"disableSandbox":true,"enableCaching":false,"resolveDependenciesWithSystemScm":false,"staticSideEffectsWarningTargets":{"all":{}},"disablePackageVersionLocking":false},"plugins":[],"cacheOptions":{"keepSourceTargets":false,"profiles":{"defaultProfile":{"onlyExternal":{}},"profileByName":{}}},"compatibleXcodeVersions":{"all":{}}}},"url":"https:\/\/tuist.dev","inspectOptions":{"redundantDependencies":{"ignoreTagsMatching":[]}}}
TUIST_MANIFEST_END

2025-11-24T18:44:07-0300 debug dev.tuist.cli : Using no concurrency limit for the cache's HTTP connections.
2025-11-24T18:44:07-0300 debug dev.tuist.cli : Using cache profile onlyExternal
2025-11-24T18:44:07-0300 notice dev.tuist.cli : is=section Loading and constructing the graph
2025-11-24T18:44:07-0300 notice dev.tuist.cli : It might take a while if the cache is empty
2025-11-24T18:44:07-0300 debug dev.tuist.cli : /usr/bin/xcrun swift -suppress-warnings -I /Users/guilherme/.local/share/mise/installs/tuist/4.106.3/bin -L /Users/guilherme/.local/share/mise/installs/tuist/4.106.3/bin -F /Users/guilherme/.local/share/mise/installs/tuist/4.106.3/bin -lProjectDescription -framework ProjectDescription '/Users/guilherme/Desktop/Mobiliza-ios/Bolsa De Horas/Project.swift' --tuist-dump
2025-11-24T18:44:07-0300 debug dev.tuist.cli : TUIST_MANIFEST_START
{"resourceSynthesizers":[{"templateType":{"defaultTemplate":{"resourceName":"Strings"}},"parser":"strings","extensions":["stringsdict","strings"],"parserOptions":{}},{"templateType":{"defaultTemplate":{"resourceName":"Assets"}},"parser":"assets","extensions":["xcassets"],"parserOptions":{}},{"templateType":{"defaultTemplate":{"resourceName":"Plists"}},"parser":"plists","extensions":["plist"],"parserOptions":{}},{"templateType":{"defaultTemplate":{"resourceName":"Fonts"}},"parser":"fonts","extensions":["ttc","ttf","woff","otf"],"parserOptions":{}}],"options":{"disableShowEnvironmentVarsInScriptPhases":false,"disableSynthesizedResourceAccessors":false,"disableBundleAccessors":false,"automaticSchemesOptions":{"enabled":{"testingOptions":0,"codeCoverageEnabled":false,"targetSchemesGrouping":{"byNameSuffix":{"run":["Example","App","Demo"],"test":["Tests","UITests","SnapshotTests","IntegrationTests"],"build":["Interface","Implementation","Mocks","Testing"]}}}},"textSettings":{}},"targets":[{"buildableFolders":[{"exceptions":{"exceptions":[]},"path":{"type":"relativeToManifest","pathString":"Bolsa De Horas\/Sources"}},{"exceptions":{"exceptions":[]},"path":{"type":"relativeToManifest","pathString":"Bolsa De Horas\/Resources"}}],"name":"Bolsa De Horas","coreDataModels":[],"additionalFiles":[],"buildRules":[],"bundleId":"dev.tuist.Bolsa-De-Horas","launchArguments":[],"dependencies":[],"scripts":[],"metadata":{"tags":[]},"infoPlist":{"extendingDefault":{"with":{"UILaunchScreen":{"dictionary":{"_0":{"UIImageName":{"string":{"_0":""}},"UIColorName":{"string":{"_0":""}}}}}}}},"product":"app","destinations":["macWithiPadDesign","iPhone","iPad"],"environmentVariables":{},"mergedBinaryType":{"disabled":{}},"mergeable":false},{"buildableFolders":[{"exceptions":{"exceptions":[]},"path":{"type":"relativeToManifest","pathString":"Bolsa De Horas\/Tests"}}],"name":"Bolsa De HorasTests","coreDataModels":[],"additionalFiles":[],"buildRules":[],"bundleId":"dev.tuist.Bolsa-De-HorasTests","launchArguments":[],"dependencies":[{"target":{"name":"Bolsa De Horas","status":"required"}}],"scripts":[],"metadata":{"tags":[]},"infoPlist":{"extendingDefault":{"with":{}}},"product":"unit_tests","destinations":["macWithiPadDesign","iPhone","iPad"],"environmentVariables":{},"mergedBinaryType":{"disabled":{}},"mergeable":false}],"additionalFiles":[],"schemes":[],"name":"Bolsa De Horas","packages":[]}
TUIST_MANIFEST_END

2025-11-24T18:44:07-0300 debug dev.tuist.cli : Transforming project Bolsa De Horas: Deleting /Derived directory
2025-11-24T18:44:07-0300 debug dev.tuist.cli : Transforming project Bolsa De Horas: Synthesizing resource accessors
2025-11-24T18:44:07-0300 debug dev.tuist.cli : Transforming project Bolsa De Horas: Configuring 'disable show environment vars in script' in project targets' script phases
2025-11-24T18:44:07-0300 debug dev.tuist.cli : Transforming project Bolsa De Horas: Generating bundles for libraries'
2025-11-24T18:44:07-0300 debug dev.tuist.cli : Transforming project Bolsa De Horas: Auto-generating project schemes
2025-11-24T18:44:07-0300 debug dev.tuist.cli : Transforming project Bolsa De Horas: Synthesizing Info.plist
2025-11-24T18:44:07-0300 debug dev.tuist.cli : Transforming project Bolsa De Horas: Synthesizing entitlement files'
2025-11-24T18:44:07-0300 debug dev.tuist.cli : Transforming project Bolsa De Horas: Synthesizing privacy manifest files'
2025-11-24T18:44:07-0300 debug dev.tuist.cli : Transforming project Bolsa De Horas: Generating xcshareddata/IDETemplateMacros.plist
2025-11-24T18:44:07-0300 debug dev.tuist.cli : Transforming workspace Bolsa De Horas: Signing the workspace
2025-11-24T18:44:07-0300 debug dev.tuist.cli : Transforming workspace Bolsa De Horas: Including .xcodesample.plist
2025-11-24T18:44:07-0300 debug dev.tuist.cli : Transforming workspace Bolsa De Horas: Generating xcshareddata/IDETemplateMacros.plist
2025-11-24T18:44:07-0300 debug dev.tuist.cli : Transforming graph Bolsa De Horas: Mapping MODULE_MAP build setting to -fmodule-map-file compiler flag
2025-11-24T18:44:07-0300 debug dev.tuist.cli : Transforming graph Bolsa De Horas: Aligning external target platforms with locals'
2025-11-24T18:44:07-0300 debug dev.tuist.cli : Transforming graph Bolsa De Horas: Tree-shaking orphan external targets (e.g. test targets)
2025-11-24T18:44:07-0300 debug dev.tuist.cli : Transforming graph Bolsa De Horas: Tree-shaking nodes
2025-11-24T18:44:07-0300 debug dev.tuist.cli : Transforming graph Bolsa De Horas: Tree-shaking nodes
2025-11-24T18:44:07-0300 debug dev.tuist.cli : /usr/bin/xcrun swift --version
2025-11-24T18:44:07-0300 debug dev.tuist.cli : Apple Swift version 6.2 (swiftlang-6.2.0.19.9 clang-1700.3.19.1)
Target: arm64-apple-macosx26.0

2025-11-24T18:44:07-0300 info dev.tuist.cli : Using cache binaries for the following targets: 
2025-11-24T18:44:07-0300 debug dev.tuist.cli : Transforming graph Bolsa De Horas: Tree-shaking nodes
2025-11-24T18:44:07-0300 debug dev.tuist.cli : Transforming graph Bolsa De Horas: Aligning workspace projects with the graph's
2025-11-24T18:44:07-0300 debug dev.tuist.cli : Transforming graph Bolsa De Horas: Auto-generating workspace scheme
2025-11-24T18:44:07-0300 debug dev.tuist.cli : /usr/bin/xcrun swift -suppress-warnings -I /Users/guilherme/.local/share/mise/installs/tuist/4.106.3/bin -L /Users/guilherme/.local/share/mise/installs/tuist/4.106.3/bin -F /Users/guilherme/.local/share/mise/installs/tuist/4.106.3/bin -lProjectDescription -framework ProjectDescription '/Users/guilherme/Desktop/Mobiliza-ios/Bolsa De Horas/Tuist.swift' --tuist-dump
2025-11-24T18:44:07-0300 debug dev.tuist.cli : TUIST_MANIFEST_START
{"url":"https:\/\/tuist.dev","project":{"tuist":{"cacheOptions":{"keepSourceTargets":false,"profiles":{"defaultProfile":{"onlyExternal":{}},"profileByName":{}}},"plugins":[],"generationOptions":{"disablePackageVersionLocking":false,"enforceExplicitDependencies":false,"disableSandbox":true,"staticSideEffectsWarningTargets":{"all":{}},"additionalPackageResolutionArguments":[],"includeGenerateScheme":true,"resolveDependenciesWithSystemScm":false,"enableCaching":false,"optionalAuthentication":false,"buildInsightsDisabled":false},"compatibleXcodeVersions":{"all":{}},"installOptions":{"passthroughSwiftPackageManagerArguments":[]}}},"inspectOptions":{"redundantDependencies":{"ignoreTagsMatching":[]}}}
TUIST_MANIFEST_END

2025-11-24T18:44:07-0300 debug dev.tuist.cli : xcode-select -p
2025-11-24T18:44:07-0300 debug dev.tuist.cli : /Applications/Xcode.app/Contents/Developer

2025-11-24T18:44:07-0300 notice dev.tuist.cli : is=section Generating workspace Bolsa De Horas.xcworkspace
2025-11-24T18:44:07-0300 notice dev.tuist.cli : Generating project Bolsa De Horas
2025-11-24T18:44:07-0300 debug dev.tuist.cli : Side effect: create file /Users/guilherme/Desktop/Mobiliza-ios/Bolsa De Horas/Derived/Sources/TuistAssets+BolsaDeHoras.swift
2025-11-24T18:44:07-0300 debug dev.tuist.cli : Side effect: create file /Users/guilherme/Desktop/Mobiliza-ios/Bolsa De Horas/Derived/Sources/TuistBundle+BolsaDeHoras.swift
2025-11-24T18:44:07-0300 debug dev.tuist.cli : Side effect: create file /Users/guilherme/Desktop/Mobiliza-ios/Bolsa De Horas/Derived/InfoPlists/Bolsa De HorasTests-Info.plist
2025-11-24T18:44:07-0300 debug dev.tuist.cli : Side effect: create file /Users/guilherme/Desktop/Mobiliza-ios/Bolsa De Horas/Derived/InfoPlists/Bolsa De Horas-Info.plist
2025-11-24T18:44:07-0300 debug dev.tuist.cli : Side effect: create file /Users/guilherme/Desktop/Mobiliza-ios/Bolsa De Horas/Bolsa De Horas.xcworkspace/.tuist-generated
2025-11-24T18:44:07-0300 debug dev.tuist.cli : Side effect: delete file /Users/guilherme/Desktop/Mobiliza-ios/Bolsa De Horas/Bolsa De Horas.xcworkspace/.xcodesamplecode.plist
2025-11-24T18:44:07-0300 debug dev.tuist.cli : /usr/bin/open '/Users/guilherme/Desktop/Mobiliza-ios/Bolsa De Horas/Bolsa De Horas.xcworkspace'
2025-11-24T18:44:07-0300 debug dev.tuist.cli : 
2025-11-24T18:44:07-0300 notice dev.tuist.cli : Total time taken: 0.601s
2025-11-24T18:44:07-0300 debug dev.tuist.cli : Warning alert: ! Warning 
  - Messages:
    - (Noora.TerminalText(components: [Noora.TerminalText.Component.raw(""), Noora.TerminalText.Component.raw("Invalid product name \'Bolsa De HorasTests\'. This string must contain only alphanumeric (A-Z,a-z,0-9), period (.), hyphen (-), and underscore (_) characters."), Noora.TerminalText.Component.raw("")]), takeaway: nil)
    - (Noora.TerminalText(components: [Noora.TerminalText.Component.raw(""), Noora.TerminalText.Component.raw("Invalid product name \'Bolsa De Horas\'. This string must contain only alphanumeric (A-Z,a-z,0-9), period (.), hyphen (-), and underscore (_) characters."), Noora.TerminalText.Component.raw("")]), takeaway: nil)
2025-11-24T18:44:07-0300 debug dev.tuist.cli : Success alert: ✔ Success 
  - Message: TerminalText(components: [Noora.TerminalText.Component.raw("Project generated.")])
