2025-11-24T19:12:46-0300 debug dev.tuist.cli : /usr/bin/xcrun swift -suppress-warnings -I /Users/guilherme/.local/share/mise/installs/tuist/4.106.3/bin -L /Users/guilherme/.local/share/mise/installs/tuist/4.106.3/bin -F /Users/guilherme/.local/share/mise/installs/tuist/4.106.3/bin -lProjectDescription -framework ProjectDescription '/Users/guilherme/Desktop/Mobiliza-ios/Bolsa De Horas/Tuist.swift' --tuist-dump
2025-11-24T19:12:46-0300 debug dev.tuist.cli : TUIST_MANIFEST_START
{"url":"https:\/\/tuist.dev","project":{"tuist":{"installOptions":{"passthroughSwiftPackageManagerArguments":[]},"plugins":[],"generationOptions":{"enableCaching":false,"optionalAuthentication":false,"staticSideEffectsWarningTargets":{"all":{}},"disablePackageVersionLocking":false,"buildInsightsDisabled":false,"enforceExplicitDependencies":false,"additionalPackageResolutionArguments":[],"includeGenerateScheme":true,"resolveDependenciesWithSystemScm":false,"disableSandbox":true},"compatibleXcodeVersions":{"all":{}},"cacheOptions":{"keepSourceTargets":false,"profiles":{"defaultProfile":{"onlyExternal":{}},"profileByName":{}}}}},"inspectOptions":{"redundantDependencies":{"ignoreTagsMatching":[]}}}
TUIST_MANIFEST_END

2025-11-24T19:12:46-0300 debug dev.tuist.cli : /usr/bin/xcrun swift -suppress-warnings -I /Users/guilherme/.local/share/mise/installs/tuist/4.106.3/bin -L /Users/guilherme/.local/share/mise/installs/tuist/4.106.3/bin -F /Users/guilherme/.local/share/mise/installs/tuist/4.106.3/bin -lProjectDescription -framework ProjectDescription '/Users/guilherme/Desktop/Mobiliza-ios/Bolsa De Horas/Tuist.swift' --tuist-dump
2025-11-24T19:12:46-0300 debug dev.tuist.cli : TUIST_MANIFEST_START
{"inspectOptions":{"redundantDependencies":{"ignoreTagsMatching":[]}},"url":"https:\/\/tuist.dev","project":{"tuist":{"cacheOptions":{"profiles":{"profileByName":{},"defaultProfile":{"onlyExternal":{}}},"keepSourceTargets":false},"generationOptions":{"resolveDependenciesWithSystemScm":false,"staticSideEffectsWarningTargets":{"all":{}},"includeGenerateScheme":true,"buildInsightsDisabled":false,"enforceExplicitDependencies":false,"enableCaching":false,"optionalAuthentication":false,"disablePackageVersionLocking":false,"additionalPackageResolutionArguments":[],"disableSandbox":true},"plugins":[],"installOptions":{"passthroughSwiftPackageManagerArguments":[]},"compatibleXcodeVersions":{"all":{}}}}}
TUIST_MANIFEST_END

2025-11-24T19:12:46-0300 debug dev.tuist.cli : Using no concurrency limit for the cache's HTTP connections.
2025-11-24T19:12:46-0300 debug dev.tuist.cli : Using cache profile onlyExternal
2025-11-24T19:12:46-0300 notice dev.tuist.cli : is=section Loading and constructing the graph
2025-11-24T19:12:46-0300 notice dev.tuist.cli : It might take a while if the cache is empty
2025-11-24T19:12:46-0300 debug dev.tuist.cli : /usr/bin/xcrun swift -suppress-warnings -I /Users/guilherme/.local/share/mise/installs/tuist/4.106.3/bin -L /Users/guilherme/.local/share/mise/installs/tuist/4.106.3/bin -F /Users/guilherme/.local/share/mise/installs/tuist/4.106.3/bin -lProjectDescription -framework ProjectDescription '/Users/guilherme/Desktop/Mobiliza-ios/Bolsa De Horas/Project.swift' --tuist-dump
2025-11-24T19:12:46-0300 debug dev.tuist.cli : TUIST_MANIFEST_START
{"name":"Bolsa De Horas","options":{"disableSynthesizedResourceAccessors":false,"automaticSchemesOptions":{"enabled":{"targetSchemesGrouping":{"byNameSuffix":{"build":["Mocks","Implementation","Testing","Interface"],"run":["App","Example","Demo"],"test":["UITests","IntegrationTests","SnapshotTests","Tests"]}},"codeCoverageEnabled":false,"testingOptions":0}},"disableBundleAccessors":false,"textSettings":{},"disableShowEnvironmentVarsInScriptPhases":false},"additionalFiles":[],"schemes":[],"packages":[{"remote":{"url":"https:\/\/github.com\/Alamofire\/Alamofire.git","requirement":{"upToNextMajor":{"from":{"minor":9,"major":5,"prereleaseIdentifiers":[],"buildMetadataIdentifiers":[],"patch":1}}}}}],"resourceSynthesizers":[{"parserOptions":{},"parser":"strings","templateType":{"defaultTemplate":{"resourceName":"Strings"}},"extensions":["stringsdict","strings"]},{"parserOptions":{},"parser":"assets","templateType":{"defaultTemplate":{"resourceName":"Assets"}},"extensions":["xcassets"]},{"parserOptions":{},"parser":"plists","templateType":{"defaultTemplate":{"resourceName":"Plists"}},"extensions":["plist"]},{"parserOptions":{},"parser":"fonts","templateType":{"defaultTemplate":{"resourceName":"Fonts"}},"extensions":["otf","ttc","ttf","woff"]}],"targets":[{"additionalFiles":[],"scripts":[],"infoPlist":{"extendingDefault":{"with":{"UILaunchScreen":{"dictionary":{"_0":{"UIImageName":{"string":{"_0":""}},"UIColorName":{"string":{"_0":""}}}}}}}},"coreDataModels":[],"mergeable":false,"product":"app","metadata":{"tags":[]},"mergedBinaryType":{"disabled":{}},"buildRules":[],"bundleId":"dev.tuist.Bolsa-De-Horas","launchArguments":[],"environmentVariables":{},"buildableFolders":[{"path":{"pathString":"Bolsa De Horas\/Sources","type":"relativeToManifest"},"exceptions":{"exceptions":[]}},{"path":{"pathString":"Bolsa De Horas\/Resources","type":"relativeToManifest"},"exceptions":{"exceptions":[]}}],"dependencies":[{"package":{"product":"Alamofire","type":{"runtime":{}}}}],"name":"Bolsa De Horas","destinations":["macWithiPadDesign","iPhone","iPad"]},{"additionalFiles":[],"scripts":[],"infoPlist":{"extendingDefault":{"with":{}}},"coreDataModels":[],"mergeable":false,"product":"unit_tests","metadata":{"tags":[]},"mergedBinaryType":{"disabled":{}},"buildRules":[],"bundleId":"dev.tuist.Bolsa-De-HorasTests","launchArguments":[],"environmentVariables":{},"buildableFolders":[{"path":{"pathString":"Bolsa De Horas\/Tests","type":"relativeToManifest"},"exceptions":{"exceptions":[]}}],"dependencies":[{"target":{"name":"Bolsa De Horas","status":"required"}}],"name":"Bolsa De HorasTests","destinations":["macWithiPadDesign","iPhone","iPad"]}]}
TUIST_MANIFEST_END

2025-11-24T19:12:46-0300 debug dev.tuist.cli : Transforming project Bolsa De Horas: Deleting /Derived directory
2025-11-24T19:12:46-0300 debug dev.tuist.cli : Transforming project Bolsa De Horas: Synthesizing resource accessors
2025-11-24T19:12:46-0300 debug dev.tuist.cli : Transforming project Bolsa De Horas: Configuring 'disable show environment vars in script' in project targets' script phases
2025-11-24T19:12:46-0300 debug dev.tuist.cli : Transforming project Bolsa De Horas: Generating bundles for libraries'
2025-11-24T19:12:46-0300 debug dev.tuist.cli : Transforming project Bolsa De Horas: Auto-generating project schemes
2025-11-24T19:12:46-0300 debug dev.tuist.cli : Transforming project Bolsa De Horas: Synthesizing Info.plist
2025-11-24T19:12:46-0300 debug dev.tuist.cli : Transforming project Bolsa De Horas: Synthesizing entitlement files'
2025-11-24T19:12:46-0300 debug dev.tuist.cli : Transforming project Bolsa De Horas: Synthesizing privacy manifest files'
2025-11-24T19:12:46-0300 debug dev.tuist.cli : Transforming project Bolsa De Horas: Generating xcshareddata/IDETemplateMacros.plist
2025-11-24T19:12:46-0300 debug dev.tuist.cli : Transforming workspace Bolsa De Horas: Signing the workspace
2025-11-24T19:12:46-0300 debug dev.tuist.cli : Transforming workspace Bolsa De Horas: Including .xcodesample.plist
2025-11-24T19:12:46-0300 debug dev.tuist.cli : Transforming workspace Bolsa De Horas: Generating xcshareddata/IDETemplateMacros.plist
2025-11-24T19:12:46-0300 debug dev.tuist.cli : Transforming graph Bolsa De Horas: Mapping MODULE_MAP build setting to -fmodule-map-file compiler flag
2025-11-24T19:12:46-0300 debug dev.tuist.cli : Transforming graph Bolsa De Horas: Aligning external target platforms with locals'
2025-11-24T19:12:46-0300 debug dev.tuist.cli : Transforming graph Bolsa De Horas: Tree-shaking orphan external targets (e.g. test targets)
2025-11-24T19:12:46-0300 debug dev.tuist.cli : Transforming graph Bolsa De Horas: Tree-shaking nodes
2025-11-24T19:12:46-0300 debug dev.tuist.cli : Transforming graph Bolsa De Horas: Tree-shaking nodes
2025-11-24T19:12:46-0300 debug dev.tuist.cli : /usr/bin/xcrun swift --version
2025-11-24T19:12:46-0300 debug dev.tuist.cli : Apple Swift version 6.2 (swiftlang-6.2.0.19.9 clang-1700.3.19.1)
Target: arm64-apple-macosx26.0

2025-11-24T19:12:46-0300 info dev.tuist.cli : Using cache binaries for the following targets: 
2025-11-24T19:12:46-0300 debug dev.tuist.cli : Transforming graph Bolsa De Horas: Tree-shaking nodes
2025-11-24T19:12:46-0300 debug dev.tuist.cli : Transforming graph Bolsa De Horas: Aligning workspace projects with the graph's
2025-11-24T19:12:46-0300 debug dev.tuist.cli : Transforming graph Bolsa De Horas: Auto-generating workspace scheme
2025-11-24T19:12:46-0300 debug dev.tuist.cli : /usr/bin/xcrun swift -suppress-warnings -I /Users/guilherme/.local/share/mise/installs/tuist/4.106.3/bin -L /Users/guilherme/.local/share/mise/installs/tuist/4.106.3/bin -F /Users/guilherme/.local/share/mise/installs/tuist/4.106.3/bin -lProjectDescription -framework ProjectDescription '/Users/guilherme/Desktop/Mobiliza-ios/Bolsa De Horas/Tuist.swift' --tuist-dump
2025-11-24T19:12:46-0300 debug dev.tuist.cli : TUIST_MANIFEST_START
{"project":{"tuist":{"compatibleXcodeVersions":{"all":{}},"cacheOptions":{"keepSourceTargets":false,"profiles":{"profileByName":{},"defaultProfile":{"onlyExternal":{}}}},"plugins":[],"generationOptions":{"disablePackageVersionLocking":false,"staticSideEffectsWarningTargets":{"all":{}},"resolveDependenciesWithSystemScm":false,"optionalAuthentication":false,"enforceExplicitDependencies":false,"additionalPackageResolutionArguments":[],"buildInsightsDisabled":false,"disableSandbox":true,"enableCaching":false,"includeGenerateScheme":true},"installOptions":{"passthroughSwiftPackageManagerArguments":[]}}},"inspectOptions":{"redundantDependencies":{"ignoreTagsMatching":[]}},"url":"https:\/\/tuist.dev"}
TUIST_MANIFEST_END

2025-11-24T19:12:46-0300 debug dev.tuist.cli : xcode-select -p
2025-11-24T19:12:46-0300 debug dev.tuist.cli : /Applications/Xcode.app/Contents/Developer

2025-11-24T19:12:46-0300 notice dev.tuist.cli : is=section Generating workspace Bolsa De Horas.xcworkspace
2025-11-24T19:12:46-0300 notice dev.tuist.cli : Generating project Bolsa De Horas
2025-11-24T19:12:46-0300 debug dev.tuist.cli : Side effect: delete directory /Users/guilherme/Desktop/Mobiliza-ios/Bolsa De Horas/Derived/InfoPlists
2025-11-24T19:12:46-0300 debug dev.tuist.cli : Side effect: delete directory /Users/guilherme/Desktop/Mobiliza-ios/Bolsa De Horas/Derived/Sources
2025-11-24T19:12:46-0300 debug dev.tuist.cli : Side effect: create file /Users/guilherme/Desktop/Mobiliza-ios/Bolsa De Horas/Derived/Sources/TuistAssets+BolsaDeHoras.swift
2025-11-24T19:12:46-0300 debug dev.tuist.cli : Side effect: create file /Users/guilherme/Desktop/Mobiliza-ios/Bolsa De Horas/Derived/Sources/TuistBundle+BolsaDeHoras.swift
2025-11-24T19:12:46-0300 debug dev.tuist.cli : Side effect: create file /Users/guilherme/Desktop/Mobiliza-ios/Bolsa De Horas/Derived/InfoPlists/Bolsa De HorasTests-Info.plist
2025-11-24T19:12:46-0300 debug dev.tuist.cli : Side effect: create file /Users/guilherme/Desktop/Mobiliza-ios/Bolsa De Horas/Derived/InfoPlists/Bolsa De Horas-Info.plist
2025-11-24T19:12:46-0300 debug dev.tuist.cli : Side effect: create file /Users/guilherme/Desktop/Mobiliza-ios/Bolsa De Horas/Bolsa De Horas.xcworkspace/.tuist-generated
2025-11-24T19:12:46-0300 debug dev.tuist.cli : Side effect: delete file /Users/guilherme/Desktop/Mobiliza-ios/Bolsa De Horas/Bolsa De Horas.xcworkspace/.xcodesamplecode.plist
2025-11-24T19:12:46-0300 notice dev.tuist.cli : Resolving package dependencies using xcodebuild
2025-11-24T19:12:46-0300 debug dev.tuist.cli : xcodebuild -resolvePackageDependencies -workspace '/Users/guilherme/Desktop/Mobiliza-ios/Bolsa De Horas/Bolsa De Horas.xcworkspace' -list
2025-11-24T19:12:47-0300 debug dev.tuist.logger : Command line invocation:
    
2025-11-24T19:12:47-0300 debug dev.tuist.logger : /Applications/Xcode.app/Contents/Developer/usr/bin/xcodebuild -resolvePackageDependencies -workspace "/Users/guilherme/Desktop/Mobiliza-ios/Bolsa De Horas/Bolsa De Horas.xcworkspace" -list


2025-11-24T19:12:47-0300 debug dev.tuist.logger : Resolve Package Graph
2025-11-24T19:12:47-0300 debug dev.tuist.logger : 

2025-11-24T19:12:47-0300 debug dev.tuist.logger : 

2025-11-24T19:12:47-0300 debug dev.tuist.logger : Fetching from https://github.com/Alamofire/Alamofire.git (cached)

2025-11-24T19:12:48-0300 debug dev.tuist.logger : 

2025-11-24T19:12:49-0300 debug dev.tuist.logger : Creating working copy of package ‘Alamofire’
2025-11-24T19:12:49-0300 debug dev.tuist.logger : 

2025-11-24T19:12:49-0300 debug dev.tuist.logger : 

2025-11-24T19:12:49-0300 debug dev.tuist.logger : Checking out 5.10.2 of package ‘Alamofire’
2025-11-24T19:12:49-0300 debug dev.tuist.logger : 

2025-11-24T19:12:49-0300 debug dev.tuist.logger : 

2025-11-24T19:12:50-0300 debug dev.tuist.logger : invalid custom path 'Source' for target 'Alamofire'
2025-11-24T19:12:50-0300 error dev.tuist.logger : 2025-11-24 19:12:50.067 xcodebuild[99501:2288219] Writing error result bundle to /var/folders/gz/98fjk8js41b_r33w19bxqp0m0000gn/T/ResultBundle_2025-24-11_19-12-0050.xcresult

2025-11-24T19:12:50-0300 error dev.tuist.logger : xcodebuild: error: Could not resolve package dependencies:
  invalid custom path 'Source' for target 'Alamofire'


2025-11-24T19:12:50-0300 debug dev.tuist.cli : Error alert: ✖ Error 
  - Message: TerminalText(components: [Noora.TerminalText.Component.raw(""), Noora.TerminalText.Component.raw("The command `xcodebuild -resolvePackageDependencies -workspace \'/Users/guilherme/Desktop/Mobiliza-ios/Bolsa De Horas/Bolsa De Horas.xcworkspace\' -list` exited with error code 74 and message:\n2025-11-24 19:12:50.067 xcodebuild[99501:2288219] Writing error result bundle to /var/folders/gz/98fjk8js41b_r33w19bxqp0m0000gn/T/ResultBundle_2025-24-11_19-12-0050.xcresult\nxcodebuild: error: Could not resolve package dependencies:\n  invalid custom path \'Source\' for target \'Alamofire\'\n\n"), Noora.TerminalText.Component.raw("")])
  - Takeaways:
    - TerminalText(components: [Noora.TerminalText.Component.raw("If the error is actionable, address it")])
    - TerminalText(components: [Noora.TerminalText.Component.raw("If the error is not actionable, let\'s discuss it in the "), Noora.TerminalText.Component.link(title: "Troubleshooting & how to", href: "https://community.tuist.dev/c/troubleshooting-how-to/6"), Noora.TerminalText.Component.raw("")])
    - TerminalText(components: [Noora.TerminalText.Component.raw("If you are very certain it\'s a bug, "), Noora.TerminalText.Component.link(title: "file an issue", href: "https://github.com/tuist/tuist"), Noora.TerminalText.Component.raw("")])
    - TerminalText(components: [Noora.TerminalText.Component.raw("Check out the logs at "), Noora.TerminalText.Component.raw("/Users/guilherme/Desktop/Mobiliza-ios/.mise-state/tuist/logs/BD96DA1F-1DD9-4988-AEA9-9BFD5DB28D50.log"), Noora.TerminalText.Component.raw("")])
