2025-11-24T19:24:23-0300 debug dev.tuist.cli : /usr/bin/xcrun swift -suppress-warnings -I /Users/guilherme/.local/share/mise/installs/tuist/4.106.3/bin -L /Users/guilherme/.local/share/mise/installs/tuist/4.106.3/bin -F /Users/guilherme/.local/share/mise/installs/tuist/4.106.3/bin -lProjectDescription -framework ProjectDescription '/Users/guilherme/Desktop/Mobiliza-ios/Bolsa De Horas/Tuist.swift' --tuist-dump
2025-11-24T19:24:23-0300 debug dev.tuist.cli : TUIST_MANIFEST_START
{"project":{"tuist":{"cacheOptions":{"keepSourceTargets":false,"profiles":{"profileByName":{},"defaultProfile":{"onlyExternal":{}}}},"compatibleXcodeVersions":{"all":{}},"plugins":[],"generationOptions":{"staticSideEffectsWarningTargets":{"all":{}},"optionalAuthentication":false,"disableSandbox":true,"additionalPackageResolutionArguments":["--disable-sandbox"],"resolveDependenciesWithSystemScm":false,"enforceExplicitDependencies":false,"enableCaching":false,"disablePackageVersionLocking":false,"buildInsightsDisabled":false,"includeGenerateScheme":true},"installOptions":{"passthroughSwiftPackageManagerArguments":["--disable-sandbox"]}}},"inspectOptions":{"redundantDependencies":{"ignoreTagsMatching":[]}},"url":"https:\/\/tuist.dev"}
TUIST_MANIFEST_END

2025-11-24T19:24:23-0300 debug dev.tuist.cli : /usr/bin/xcrun swift -suppress-warnings -I /Users/guilherme/.local/share/mise/installs/tuist/4.106.3/bin -L /Users/guilherme/.local/share/mise/installs/tuist/4.106.3/bin -F /Users/guilherme/.local/share/mise/installs/tuist/4.106.3/bin -lProjectDescription -framework ProjectDescription '/Users/guilherme/Desktop/Mobiliza-ios/Bolsa De Horas/Tuist.swift' --tuist-dump
2025-11-24T19:24:23-0300 debug dev.tuist.cli : TUIST_MANIFEST_START
{"project":{"tuist":{"plugins":[],"generationOptions":{"additionalPackageResolutionArguments":["--disable-sandbox"],"optionalAuthentication":false,"disableSandbox":true,"staticSideEffectsWarningTargets":{"all":{}},"enforceExplicitDependencies":false,"includeGenerateScheme":true,"resolveDependenciesWithSystemScm":false,"disablePackageVersionLocking":false,"enableCaching":false,"buildInsightsDisabled":false},"installOptions":{"passthroughSwiftPackageManagerArguments":["--disable-sandbox"]},"cacheOptions":{"profiles":{"defaultProfile":{"onlyExternal":{}},"profileByName":{}},"keepSourceTargets":false},"compatibleXcodeVersions":{"all":{}}}},"inspectOptions":{"redundantDependencies":{"ignoreTagsMatching":[]}},"url":"https:\/\/tuist.dev"}
TUIST_MANIFEST_END

2025-11-24T19:24:23-0300 debug dev.tuist.cli : Using no concurrency limit for the cache's HTTP connections.
2025-11-24T19:24:23-0300 debug dev.tuist.cli : Using cache profile onlyExternal
2025-11-24T19:24:23-0300 notice dev.tuist.cli : is=section Loading and constructing the graph
2025-11-24T19:24:23-0300 notice dev.tuist.cli : It might take a while if the cache is empty
2025-11-24T19:24:23-0300 debug dev.tuist.cli : Transforming project Bolsa De Horas: Deleting /Derived directory
2025-11-24T19:24:23-0300 debug dev.tuist.cli : Transforming project Bolsa De Horas: Synthesizing resource accessors
2025-11-24T19:24:23-0300 debug dev.tuist.cli : Transforming project Bolsa De Horas: Configuring 'disable show environment vars in script' in project targets' script phases
2025-11-24T19:24:23-0300 debug dev.tuist.cli : Transforming project Bolsa De Horas: Generating bundles for libraries'
2025-11-24T19:24:23-0300 debug dev.tuist.cli : Transforming project Bolsa De Horas: Auto-generating project schemes
2025-11-24T19:24:23-0300 debug dev.tuist.cli : Transforming project Bolsa De Horas: Synthesizing Info.plist
2025-11-24T19:24:23-0300 debug dev.tuist.cli : Transforming project Bolsa De Horas: Synthesizing entitlement files'
2025-11-24T19:24:23-0300 debug dev.tuist.cli : Transforming project Bolsa De Horas: Synthesizing privacy manifest files'
2025-11-24T19:24:23-0300 debug dev.tuist.cli : Transforming project Bolsa De Horas: Generating xcshareddata/IDETemplateMacros.plist
2025-11-24T19:24:23-0300 debug dev.tuist.cli : Transforming workspace Bolsa De Horas: Signing the workspace
2025-11-24T19:24:23-0300 debug dev.tuist.cli : Transforming workspace Bolsa De Horas: Including .xcodesample.plist
2025-11-24T19:24:23-0300 debug dev.tuist.cli : Transforming workspace Bolsa De Horas: Generating xcshareddata/IDETemplateMacros.plist
2025-11-24T19:24:23-0300 debug dev.tuist.cli : Transforming graph Bolsa De Horas: Mapping MODULE_MAP build setting to -fmodule-map-file compiler flag
2025-11-24T19:24:23-0300 debug dev.tuist.cli : Transforming graph Bolsa De Horas: Aligning external target platforms with locals'
2025-11-24T19:24:23-0300 debug dev.tuist.cli : Transforming graph Bolsa De Horas: Tree-shaking orphan external targets (e.g. test targets)
2025-11-24T19:24:23-0300 debug dev.tuist.cli : Transforming graph Bolsa De Horas: Tree-shaking nodes
2025-11-24T19:24:23-0300 debug dev.tuist.cli : Transforming graph Bolsa De Horas: Tree-shaking nodes
2025-11-24T19:24:23-0300 debug dev.tuist.cli : /usr/bin/xcrun swift --version
2025-11-24T19:24:23-0300 debug dev.tuist.cli : Apple Swift version 6.2 (swiftlang-6.2.0.19.9 clang-1700.3.19.1)
Target: arm64-apple-macosx26.0

2025-11-24T19:24:23-0300 info dev.tuist.cli : Using cache binaries for the following targets: 
2025-11-24T19:24:23-0300 debug dev.tuist.cli : Transforming graph Bolsa De Horas: Tree-shaking nodes
2025-11-24T19:24:23-0300 debug dev.tuist.cli : Transforming graph Bolsa De Horas: Aligning workspace projects with the graph's
2025-11-24T19:24:23-0300 debug dev.tuist.cli : Transforming graph Bolsa De Horas: Auto-generating workspace scheme
2025-11-24T19:24:23-0300 debug dev.tuist.cli : /usr/bin/xcrun swift -suppress-warnings -I /Users/guilherme/.local/share/mise/installs/tuist/4.106.3/bin -L /Users/guilherme/.local/share/mise/installs/tuist/4.106.3/bin -F /Users/guilherme/.local/share/mise/installs/tuist/4.106.3/bin -lProjectDescription -framework ProjectDescription '/Users/guilherme/Desktop/Mobiliza-ios/Bolsa De Horas/Tuist.swift' --tuist-dump
2025-11-24T19:24:23-0300 debug dev.tuist.cli : TUIST_MANIFEST_START
{"project":{"tuist":{"cacheOptions":{"keepSourceTargets":false,"profiles":{"profileByName":{},"defaultProfile":{"onlyExternal":{}}}},"plugins":[],"installOptions":{"passthroughSwiftPackageManagerArguments":["--disable-sandbox"]},"compatibleXcodeVersions":{"all":{}},"generationOptions":{"enforceExplicitDependencies":false,"optionalAuthentication":false,"disablePackageVersionLocking":false,"resolveDependenciesWithSystemScm":false,"additionalPackageResolutionArguments":["--disable-sandbox"],"buildInsightsDisabled":false,"staticSideEffectsWarningTargets":{"all":{}},"disableSandbox":true,"includeGenerateScheme":true,"enableCaching":false}}},"inspectOptions":{"redundantDependencies":{"ignoreTagsMatching":[]}},"url":"https:\/\/tuist.dev"}
TUIST_MANIFEST_END

2025-11-24T19:24:23-0300 debug dev.tuist.cli : xcode-select -p
2025-11-24T19:24:23-0300 debug dev.tuist.cli : /Applications/Xcode.app/Contents/Developer

2025-11-24T19:24:23-0300 notice dev.tuist.cli : is=section Generating workspace Bolsa De Horas.xcworkspace
2025-11-24T19:24:23-0300 notice dev.tuist.cli : Generating project Bolsa De Horas
2025-11-24T19:24:23-0300 debug dev.tuist.cli : Side effect: delete directory /Users/guilherme/Desktop/Mobiliza-ios/Bolsa De Horas/Derived/InfoPlists
2025-11-24T19:24:23-0300 debug dev.tuist.cli : Side effect: delete directory /Users/guilherme/Desktop/Mobiliza-ios/Bolsa De Horas/Derived/Sources
2025-11-24T19:24:23-0300 debug dev.tuist.cli : Side effect: create file /Users/guilherme/Desktop/Mobiliza-ios/Bolsa De Horas/Derived/Sources/TuistAssets+BolsaDeHoras.swift
2025-11-24T19:24:23-0300 debug dev.tuist.cli : Side effect: create file /Users/guilherme/Desktop/Mobiliza-ios/Bolsa De Horas/Derived/Sources/TuistBundle+BolsaDeHoras.swift
2025-11-24T19:24:23-0300 debug dev.tuist.cli : Side effect: create file /Users/guilherme/Desktop/Mobiliza-ios/Bolsa De Horas/Derived/InfoPlists/Bolsa De Horas-Info.plist
2025-11-24T19:24:23-0300 debug dev.tuist.cli : Side effect: create file /Users/guilherme/Desktop/Mobiliza-ios/Bolsa De Horas/Derived/InfoPlists/Bolsa De HorasTests-Info.plist
2025-11-24T19:24:23-0300 debug dev.tuist.cli : Side effect: create file /Users/guilherme/Desktop/Mobiliza-ios/Bolsa De Horas/Bolsa De Horas.xcworkspace/.tuist-generated
2025-11-24T19:24:23-0300 debug dev.tuist.cli : Side effect: delete file /Users/guilherme/Desktop/Mobiliza-ios/Bolsa De Horas/Bolsa De Horas.xcworkspace/.xcodesamplecode.plist
2025-11-24T19:24:23-0300 notice dev.tuist.cli : Resolving package dependencies using xcodebuild
2025-11-24T19:24:23-0300 debug dev.tuist.cli : xcodebuild -resolvePackageDependencies --disable-sandbox -workspace '/Users/guilherme/Desktop/Mobiliza-ios/Bolsa De Horas/Bolsa De Horas.xcworkspace' -list
2025-11-24T19:24:23-0300 error dev.tuist.logger : 2025-11-24 19:24:23.748 xcodebuild[2395:2303488] Writing error result bundle to /var/folders/gz/98fjk8js41b_r33w19bxqp0m0000gn/T/ResultBundle_2025-24-11_19-24-0023.xcresult

2025-11-24T19:24:23-0300 error dev.tuist.logger : xcodebuild: error: invalid option '--disable-sandbox'


2025-11-24T19:24:23-0300 error dev.tuist.logger : Usage: xcodebuild [-project <projectname>] [[-target <targetname>]...|-alltargets] [-configuration <configurationname>] [-arch <architecture>]... [-sdk [<sdkname>|<sdkpath>]] [-showBuildSettings [-json]] [<buildsetting>=<value>]... [<buildaction>]...
       xcodebuild [-project <projectname>] -scheme <schemeName> [-destination <destinationspecifier>]... [-configuration <configurationname>] [-arch <architecture>]... [-sdk [<sdkname>|<sdkpath>]] [-showBuildSettings [-json]] [-showdestinations] [<buildsetting>=<value>]... [<buildaction>]...
       xcodebuild -workspace <workspacename> -scheme <schemeName> [-destination <destinationspecifier>]... [-configuration <configurationname>] [-arch <architecture>]... [-sdk [<sdkname>|<sdkpath>]] [-showBuildSettings] [-showdestinations] [<buildsetting>=<value>]... [<buildaction>]...
       xcodebuild -version [-sdk [<sdkfullpath>|<sdkname>] [-json] [<infoitem>] ]
       xcodebuild -list [[-project <projectname>]|[-workspace <workspacename>]] [-json]
       xcodebuild -showsdks [-json]
       xcodebuild -exportArchive -archivePath <xcarchivepath> [-exportPath <destinationpath>] -exportOptionsPlist <plistpath>
       xcodebuild -exportNotarizedApp -archivePath <xcarchivepath> -exportPath <destinationpath>
       xcodebuild -exportLocalizations -localizationPath <path> -project <projectname> [-defaultLanguage <language>] [-exportLanguage <targetlanguage>... [-includeScreenshots]]
       xcodebuild -importLocalizations -localizationPath <path> -project <projectname> [-mergeImport]
       xcodebuild -resolvePackageDependencies [-project <projectname>|-workspace <workspacename>] -clonedSourcePackagesDirPath <path>
       xcodebuild -create-xcframework [-help] [-framework <path>] [-library <path> [-headers <path>]] -output <path>
       xcodebuild -downloadPlatform <iOS|watchOS|tvOS|visionOS>  [-exportPath <destinationpath> -buildVersion <osversion> -architectureVariant <universal|arm64>]
       xcodebuild -downloadAllPlatforms [-exportPath <destinationpath> -architectureVariant <universal|arm64>]
       xcodebuild -importPlatform <simruntimedmgpath>
       xcodebuild -downloadComponent <componenttype> [-exportPath <destinationpath> -buildVersion <assetversion>]
       xcodebuild -importComponent <componenttype> -importPath <bundlepath>
       xcodebuild -deleteComponent <componenttype>
       xcodebuild -showComponent <componenttype> [-json]

Options:
    -usage                                                   print brief usage
    -help                                                    print complete usage
    -verbose                                                 provide additional status output
    -license                                                 show the Xcode and SDK license agreements
    -checkFirstLaunchStatus                                  Check if any First Launch tasks need to be performed
    -runFirstLaunch                                          install packages and agree to the license. Add an `-checkForNewerComponents` flag to check for any additional Xcode Device support components.
    -downloadAllPlatforms                                    downloads a matching simulator runtime for every platform in this Xcode
    -prepareDeviceSupport                                    prepares the Device Support symbols folder for the device
    -downloadPlatform NAME                                   download the platform NAME
    -importPlatform DMG_Path                                 import the platform NAME
    -downloadComponent NAME                                  downloads the specified component. Supported component: MetalToolchain.
    -importComponent NAME                                    import the component NAME
    -deleteComponent NAME                                    delete the component NAME
    -showComponent NAME                                      show details for the specified component NAME
    -project NAME                                            build the project NAME
    -target NAME                                             build the 
2025-11-24T19:24:23-0300 error dev.tuist.logger : target NAME
    -alltargets                                              build all targets
    -workspace NAME                                          build the workspace NAME
    -scheme NAME                                             build the scheme NAME
    -configuration NAME                                      use the build configuration NAME for building each target
    -xcconfig PATH                                           apply the build settings defined in the file at PATH as overrides
    -arch ARCH                                               build each target for the architecture ARCH; this will override architectures defined in the project
    -sdk SDK                                                 use SDK as the name or path of the base SDK when building the project
    -toolchain NAME                                          use the toolchain with identifier or name NAME
    -destination DESTINATIONSPECIFIER                        use the destination described by DESTINATIONSPECIFIER (a comma-separated set of key=value pairs describing the destination to use)
    -destination-timeout TIMEOUT                             wait for TIMEOUT seconds while searching for the destination device
    -parallelizeTargets                                      build independent targets in parallel
    -jobs NUMBER                                             specify the maximum number of concurrent build operations
    -maximum-concurrent-test-device-destinations NUMBER      the maximum number of device destinations to test on concurrently
    -maximum-concurrent-test-simulator-destinations NUMBER   the maximum number of simulator destinations to test on concurrently
    -parallel-testing-enabled YES|NO                         overrides the per-target setting in the scheme
    -parallel-testing-worker-count NUMBER                    the exact number of test runners that will be spawned during parallel testing
    -maximum-parallel-testing-workers NUMBER                 the maximum number of test runners that will be spawned during parallel testing
    -dry-run                                                 do everything except actually running the commands
    -quiet                                                   do not print any output except for warnings and errors
    -hideShellScriptEnvironment                              don't show shell script environment variables in build log
    -showsdks                                                display a compact list of the installed SDKs
    -showdestinations                                        display a list of destinations
    -showTestPlans                                           display a list of test plans
    -showBuildSettings                                       display a list of build settings and values
    -showBuildSettingsForIndex                               display build settings for the index service
    -list                                                    lists the targets and configurations in a project, or the schemes in a workspace
    -find-executable NAME                                    display the full path to executable NAME in the provided SDK and toolchain
    -find-library NAME                                       display the full path to library NAME in the provided SDK and toolchain
    -version                                                 display the version of Xcode; with -sdk will display info about one or all installed SDKs
    -enableAddressSanitizer YES|NO                           turn the address sanitizer on or off
    -enableThreadSanitizer YES|NO                            turn the thread sanitizer on or off
    -enableUndefinedBehaviorSanitizer YES|NO                 turn the undefined behavior sanitizer on or off
    -resultBundlePath PATH                                   specifies the directory where a result bundle describing what occurred will be placed
    -resultStreamPath PATH                                   specifies the file where a result stream will be written to (the file must already e
2025-11-24T19:24:23-0300 error dev.tuist.logger : xist)
    -resultBundleVersion 3 [default]                         specifies which result bundle version should be used
    -clonedSourcePackagesDirPath PATH                        specifies the directory to which remote source packages are fetch or expected to be found
    -derivedDataPath PATH                                    specifies the directory where build products and other derived data will go
    -archivePath PATH                                        specifies the directory where any created archives will be placed, or the archive that should be exported
    -exportArchive                                           specifies that an archive should be exported
    -exportNotarizedApp                                      export an archive that has been notarized by Apple
    -exportOptionsPlist PATH                                 specifies a path to a plist file that configures archive exporting
    -enableCodeCoverage YES|NO                               turn code coverage on or off when testing
    -exportPath PATH                                         specifies the destination for the product exported from an archive
    -importPath PATH                                         specifies the source location for the product that will be imported
    -skipUnavailableActions                                  specifies that scheme actions that cannot be performed should be skipped instead of causing a failure
    -exportLocalizations                                     exports completed and outstanding project localizations
    -importLocalizations                                     imports localizations for a project, assuming any necessary localized resources have been created in Xcode
    -localizationPath                                        specifies a path to XLIFF localization files
    -exportLanguage                                          specifies multiple optional ISO 639-1 languages included in a localization export
    -defaultLanguage                                         specifies the default ISO 639-1 language to be used as the source language on export
    -xctestrun                                               specifies a path to a test run specification
    -testProductsPath                                        specifies a path for the test products
    -enablePerformanceTestsDiagnostics YES|NO                enables performance trace and memgraph collection for performance XCTests
    -testPlan                                                specifies the name of the test plan associated with the scheme to use for testing
    -only-testing                                            constrains testing by specifying tests to include, and excluding other tests
    -only-testing:TEST-IDENTIFIER                            constrains testing by specifying tests to include, and excluding other tests
    -skip-testing                                            constrains testing by specifying tests to exclude, but including other tests
    -skip-testing:TEST-IDENTIFIER                            constrains testing by specifying tests to exclude, but including other tests
    -test-timeouts-enabled YES|NO                            enable or disable test timeout behavior
    -default-test-execution-time-allowance SECONDS           the default execution time an individual test is given to execute, if test timeouts are enabled
    -maximum-test-execution-time-allowance SECONDS           the maximum execution time an individual test is given to execute, regardless of the test's preferred allowance
    -test-iterations <number>                                If specified, tests will run <number> times. May be used in conjunction with either -retry-tests-on-failure or -run-tests-until-failure, in which case this will become the maximum number of iterations.
    -retry-tests-on-failure                                  If specified, tests will retry on failure. May be used in conjunction with -test-iterations <number>, in which case <number> will be the maximum number of iterations. Otherwise, a m
2025-11-24T19:24:23-0300 error dev.tuist.logger : aximum of 3 is assumed. May not be used with -run-tests-until-failure.
    -run-tests-until-failure                                 If specified, tests will run until they fail. May be used in conjunction with -test-iterations <number>, in which case <number> will be the maximum number of iterations. Otherwise, a maximum of 100 is assumed. May not be used with -retry-tests-on-failure.
    -test-repetition-relaunch-enabled YES|NO                 Enable or disable, tests repeating in a new process for each repetition.  Must be used in conjunction with -test-iterations, -retry-tests-on-failure, or -run-tests-until-failure. If not specified, tests will repeat in the same process.
    -only-test-configuration                                 constrains testing by specifying test configurations to include, and excluding other test configurations
    -skip-test-configuration                                 constrains testing by specifying test configurations to exclude, but including other test configurations
    -collect-test-diagnostics on-failure|never               Whether or not testing collects verbose diagnostics (like a sysdiagnose) when encountering a failure
    -testLanguage                                            constrains testing by specifying ISO 639-1 language in which to run the tests
    -testRegion                                              constrains testing by specifying ISO 3166-1 region in which to run the tests
    -enumerate-tests                                         Enumerate the tests that would be executed by this command without actually executing them
    -test-enumeration-style                                  The style in which to enumerate the tests. Valid styles: flat, hierarchical
    -test-enumeration-format                                 The output format of the enumerated tests. Valid formats: text, json
    -test-enumeration-output-path                            The path (relative or absolute) where the results of test enumeration should be written. If '-' is supplied, writes to standard out.
    -resolvePackageDependencies                              resolves any Swift package dependencies referenced by the project or workspace
    -disableAutomaticPackageResolution                       prevents packages from automatically being resolved to versions other than those recorded in the `Package.resolved` file
    -onlyUsePackageVersionsFromResolvedFile                  prevents packages from automatically being resolved to versions other than those recorded in the `Package.resolved` file
    -skipPackageUpdates                                      Skip updating package dependencies from their remote
    -disablePackageRepositoryCache                           disable use of a local cache of remote package repositories
    -skipPackagePluginValidation                             Skip validation of package plugins (this can be a security risk if they are not from trusted sources)
    -skipMacroValidation                                     Skip validation of macros (this can be a security risk if they are not from trusted sources)
    -packageCachePath                                        path of caches used for package support
    -packageAuthorizationProvider keychain|netrc             Specify the credential store to be used when resolving packages
    -defaultPackageRegistryURL                               URL of the default package registry
    -packageDependencySCMToRegistryTransformation            specifies the transformation to apply to SCM-based package dependencies (none, useRegistryIdentity, or useRegistryIdentityAndSources)
    -skipPackageSignatureValidation                          Skip validation of package signatures (this can be a security risk if they are not from trusted sources)
    -packageFingerprintPolicy                                Package fingerprint checking policy (`warn` or `strict`)
    -packageSigningEntityPolicy                              Package signing entity checking policy (`warn` or `strict`)
    -json                                       
2025-11-24T19:24:23-0300 error dev.tuist.logger :              output as JSON (note: -json implies -quiet)
    -allowProvisioningUpdates                                Allow xcodebuild to communicate with the Apple Developer website. For automatically signed targets, xcodebuild will create and update profiles, app IDs, and certificates. For manually signed targets, xcodebuild will download missing or updated provisioning profiles. Requires a developer account to have been added in Xcode's Accounts settings or an App Store Connect authentication key to be specified via the -authenticationKeyPath, -authenticationKeyID, and -authenticationKeyIssuerID parameters.
    -allowProvisioningDeviceRegistration                     Allow xcodebuild to register your destination device on the developer portal if necessary. This flag only takes effect if -allowProvisioningUpdates is also passed.
    -authenticationKeyPath                                   specifies the path to an authentication key issued by App Store Connect. If specified, xcodebuild will authenticate with the Apple Developer website using this credential. The -authenticationKeyID and -authenticationKeyIssuerID parameters are required.
    -authenticationKeyID                                     specifies the key identifier associated with the App Store Conect authentication key at -authenticationKeyPath. This string can be located in the users and access details for your provider at "https://appstoreconnect.apple.com".
    -authenticationKeyIssuerID                               specifies the App Store Connect issuer identifier associated with the authentication key at -authenticationKeyPath. This string can be located in the users and access details for your provider at "https://appstoreconnect.apple.com".
    -scmProvider                                             which implementation to use for Git operations (system/xcode)
    -showBuildTimingSummary                                  display a report of the timings of all the commands invoked during the build
    -create-xcframework                                      create an xcframework from prebuilt libraries; -help for more information.

2025-11-24T19:24:23-0300 debug dev.tuist.cli : Error alert: ✖ Error 
  - Message: TerminalText(components: [Noora.TerminalText.Component.raw(""), Noora.TerminalText.Component.raw("The command `xcodebuild -resolvePackageDependencies --disable-sandbox -workspace \'/Users/guilherme/Desktop/Mobiliza-ios/Bolsa De Horas/Bolsa De Horas.xcworkspace\' -list` exited with error code 64 and message:\n2025-11-24 19:24:23.748 xcodebuild[2395:2303488] Writing error result bundle to /var/folders/gz/98fjk8js41b_r33w19bxqp0m0000gn/T/ResultBundle_2025-24-11_19-24-0023.xcresult\nxcodebuild: error: invalid option \'--disable-sandbox\'\n\nUsage: xcodebuild [-project <projectname>] [[-target <targetname>]...|-alltargets] [-configuration <configurationname>] [-arch <architecture>]... [-sdk [<sdkname>|<sdkpath>]] [-showBuildSettings [-json]] [<buildsetting>=<value>]... [<buildaction>]...\n       xcodebuild [-project <projectname>] -scheme <schemeName> [-destination <destinationspecifier>]... [-configuration <configurationname>] [-arch <architecture>]... [-sdk [<sdkname>|<sdkpath>]] [-showBuildSettings [-json]] [-showdestinations] [<buildsetting>=<value>]... [<buildaction>]...\n       xcodebuild -workspace <workspacename> -scheme <schemeName> [-destination <destinationspecifier>]... [-configuration <configurationname>] [-arch <architecture>]... [-sdk [<sdkname>|<sdkpath>]] [-showBuildSettings] [-showdestinations] [<buildsetting>=<value>]... [<buildaction>]...\n       xcodebuild -version [-sdk [<sdkfullpath>|<sdkname>] [-json] [<infoitem>] ]\n       xcodebuild -list [[-project <projectname>]|[-workspace <workspacename>]] [-json]\n       xcodebuild -showsdks [-json]\n       xcodebuild -exportArchive -archivePath <xcarchivepath> [-exportPath <destinationpath>] -exportOptionsPlist <plistpath>\n       xcodebuild -exportNotarizedApp -archivePath <xcarchivepath> -exportPath <destinationpath>\n       xcodebuild -exportLocalizations -localizationPath <path> -project <projectname> [-defaultLanguage <language>] [-exportLanguage <targetlanguage>... [-includeScreenshots]]\n       xcodebuild -importLocalizations -localizationPath <path> -project <projectname> [-mergeImport]\n       xcodebuild -resolvePackageDependencies [-project <projectname>|-workspace <workspacename>] -clonedSourcePackagesDirPath <path>\n       xcodebuild -create-xcframework [-help] [-framework <path>] [-library <path> [-headers <path>]] -output <path>\n       xcodebuild -downloadPlatform <iOS|watchOS|tvOS|visionOS>  [-exportPath <destinationpath> -buildVersion <osversion> -architectureVariant <universal|arm64>]\n       xcodebuild -downloadAllPlatforms [-exportPath <destinationpath> -architectureVariant <universal|arm64>]\n       xcodebuild -importPlatform <simruntimedmgpath>\n       xcodebuild -downloadComponent <componenttype> [-exportPath <destinationpath> -buildVersion <assetversion>]\n       xcodebuild -importComponent <componenttype> -importPath <bundlepath>\n       xcodebuild -deleteComponent <componenttype>\n       xcodebuild -showComponent <componenttype> [-json]\n\nOptions:\n    -usage                                                   print brief usage\n    -help                                                    print complete usage\n    -verbose                                                 provide additional status output\n    -license                                                 show the Xcode and SDK license agreements\n    -checkFirstLaunchStatus                                  Check if any First Launch tasks need to be performed\n    -runFirstLaunch                                          install packages and agree to the license. Add an `-checkForNewerComponents` flag to check for any additional Xcode Device support components.\n    -downloadAllPlatforms                                    downloads a matching simulator runtime for every platform in this Xcode\n    -prepareDeviceSupport                                    prepares the Device Support symbols folder for the device\n    -downloadPlatform NAME                                   download the platform NAME\n    -importPlatform DMG_Path                                 import the platform NAME\n    -downloadComponent NAME                                  downloads the specified component. Supported component: MetalToolchain.\n    -importComponent NAME                                    import the component NAME\n    -deleteComponent NAME                                    delete the component NAME\n    -showComponent NAME                                      show details for the specified component NAME\n    -project NAME                                            build the project NAME\n    -target NAME                                             build the target NAME\n    -alltargets                                              build all targets\n    -workspace NAME                                          build the workspace NAME\n    -scheme NAME                                             build the scheme NAME\n    -configuration NAME                                      use the build configuration NAME for building each target\n    -xcconfig PATH                                           apply the build settings defined in the file at PATH as overrides\n    -arch ARCH                                               build each target for the architecture ARCH; this will override architectures defined in the project\n    -sdk SDK                                                 use SDK as the name or path of the base SDK when building the project\n    -toolchain NAME                                          use the toolchain with identifier or name NAME\n    -destination DESTINATIONSPECIFIER                        use the destination described by DESTINATIONSPECIFIER (a comma-separated set of key=value pairs describing the destination to use)\n    -destination-timeout TIMEOUT                             wait for TIMEOUT seconds while searching for the destination device\n    -parallelizeTargets                                      build independent targets in parallel\n    -jobs NUMBER                                             specify the maximum number of concurrent build operations\n    -maximum-concurrent-test-device-destinations NUMBER      the maximum number of device destinations to test on concurrently\n    -maximum-concurrent-test-simulator-destinations NUMBER   the maximum number of simulator destinations to test on concurrently\n    -parallel-testing-enabled YES|NO                         overrides the per-target setting in the scheme\n    -parallel-testing-worker-count NUMBER                    the exact number of test runners that will be spawned during parallel testing\n    -maximum-parallel-testing-workers NUMBER                 the maximum number of test runners that will be spawned during parallel testing\n    -dry-run                                                 do everything except actually running the commands\n    -quiet                                                   do not print any output except for warnings and errors\n    -hideShellScriptEnvironment                              don\'t show shell script environment variables in build log\n    -showsdks                                                display a compact list of the installed SDKs\n    -showdestinations                                        display a list of destinations\n    -showTestPlans                                           display a list of test plans\n    -showBuildSettings                                       display a list of build settings and values\n    -showBuildSettingsForIndex                               display build settings for the index service\n    -list                                                    lists the targets and configurations in a project, or the schemes in a workspace\n    -find-executable NAME                                    display the full path to executable NAME in the provided SDK and toolchain\n    -find-library NAME                                       display the full path to library NAME in the provided SDK and toolchain\n    -version                                                 display the version of Xcode; with -sdk will display info about one or all installed SDKs\n    -enableAddressSanitizer YES|NO                           turn the address sanitizer on or off\n    -enableThreadSanitizer YES|NO                            turn the thread sanitizer on or off\n    -enableUndefinedBehaviorSanitizer YES|NO                 turn the undefined behavior sanitizer on or off\n    -resultBundlePath PATH                                   specifies the directory where a result bundle describing what occurred will be placed\n    -resultStreamPath PATH                                   specifies the file where a result stream will be written to (the file must already exist)\n    -resultBundleVersion 3 [default]                         specifies which result bundle version should be used\n    -clonedSourcePackagesDirPath PATH                        specifies the directory to which remote source packages are fetch or expected to be found\n    -derivedDataPath PATH                                    specifies the directory where build products and other derived data will go\n    -archivePath PATH                                        specifies the directory where any created archives will be placed, or the archive that should be exported\n    -exportArchive                                           specifies that an archive should be exported\n    -exportNotarizedApp                                      export an archive that has been notarized by Apple\n    -exportOptionsPlist PATH                                 specifies a path to a plist file that configures archive exporting\n    -enableCodeCoverage YES|NO                               turn code coverage on or off when testing\n    -exportPath PATH                                         specifies the destination for the product exported from an archive\n    -importPath PATH                                         specifies the source location for the product that will be imported\n    -skipUnavailableActions                                  specifies that scheme actions that cannot be performed should be skipped instead of causing a failure\n    -exportLocalizations                                     exports completed and outstanding project localizations\n    -importLocalizations                                     imports localizations for a project, assuming any necessary localized resources have been created in Xcode\n    -localizationPath                                        specifies a path to XLIFF localization files\n    -exportLanguage                                          specifies multiple optional ISO 639-1 languages included in a localization export\n    -defaultLanguage                                         specifies the default ISO 639-1 language to be used as the source language on export\n    -xctestrun                                               specifies a path to a test run specification\n    -testProductsPath                                        specifies a path for the test products\n    -enablePerformanceTestsDiagnostics YES|NO                enables performance trace and memgraph collection for performance XCTests\n    -testPlan                                                specifies the name of the test plan associated with the scheme to use for testing\n    -only-testing                                            constrains testing by specifying tests to include, and excluding other tests\n    -only-testing:TEST-IDENTIFIER                            constrains testing by specifying tests to include, and excluding other tests\n    -skip-testing                                            constrains testing by specifying tests to exclude, but including other tests\n    -skip-testing:TEST-IDENTIFIER                            constrains testing by specifying tests to exclude, but including other tests\n    -test-timeouts-enabled YES|NO                            enable or disable test timeout behavior\n    -default-test-execution-time-allowance SECONDS           the default execution time an individual test is given to execute, if test timeouts are enabled\n    -maximum-test-execution-time-allowance SECONDS           the maximum execution time an individual test is given to execute, regardless of the test\'s preferred allowance\n    -test-iterations <number>                                If specified, tests will run <number> times. May be used in conjunction with either -retry-tests-on-failure or -run-tests-until-failure, in which case this will become the maximum number of iterations.\n    -retry-tests-on-failure                                  If specified, tests will retry on failure. May be used in conjunction with -test-iterations <number>, in which case <number> will be the maximum number of iterations. Otherwise, a maximum of 3 is assumed. May not be used with -run-tests-until-failure.\n    -run-tests-until-failure                                 If specified, tests will run until they fail. May be used in conjunction with -test-iterations <number>, in which case <number> will be the maximum number of iterations. Otherwise, a maximum of 100 is assumed. May not be used with -retry-tests-on-failure.\n    -test-repetition-relaunch-enabled YES|NO                 Enable or disable, tests repeating in a new process for each repetition.  Must be used in conjunction with -test-iterations, -retry-tests-on-failure, or -run-tests-until-failure. If not specified, tests will repeat in the same process.\n    -only-test-configuration                                 constrains testing by specifying test configurations to include, and excluding other test configurations\n    -skip-test-configuration                                 constrains testing by specifying test configurations to exclude, but including other test configurations\n    -collect-test-diagnostics on-failure|never               Whether or not testing collects verbose diagnostics (like a sysdiagnose) when encountering a failure\n    -testLanguage                                            constrains testing by specifying ISO 639-1 language in which to run the tests\n    -testRegion                                              constrains testing by specifying ISO 3166-1 region in which to run the tests\n    -enumerate-tests                                         Enumerate the tests that would be executed by this command without actually executing them\n    -test-enumeration-style                                  The style in which to enumerate the tests. Valid styles: flat, hierarchical\n    -test-enumeration-format                                 The output format of the enumerated tests. Valid formats: text, json\n    -test-enumeration-output-path                            The path (relative or absolute) where the results of test enumeration should be written. If \'-\' is supplied, writes to standard out.\n    -resolvePackageDependencies                              resolves any Swift package dependencies referenced by the project or workspace\n    -disableAutomaticPackageResolution                       prevents packages from automatically being resolved to versions other than those recorded in the `Package.resolved` file\n    -onlyUsePackageVersionsFromResolvedFile                  prevents packages from automatically being resolved to versions other than those recorded in the `Package.resolved` file\n    -skipPackageUpdates                                      Skip updating package dependencies from their remote\n    -disablePackageRepositoryCache                           disable use of a local cache of remote package repositories\n    -skipPackagePluginValidation                             Skip validation of package plugins (this can be a security risk if they are not from trusted sources)\n    -skipMacroValidation                                     Skip validation of macros (this can be a security risk if they are not from trusted sources)\n    -packageCachePath                                        path of caches used for package support\n    -packageAuthorizationProvider keychain|netrc             Specify the credential store to be used when resolving packages\n    -defaultPackageRegistryURL                               URL of the default package registry\n    -packageDependencySCMToRegistryTransformation            specifies the transformation to apply to SCM-based package dependencies (none, useRegistryIdentity, or useRegistryIdentityAndSources)\n    -skipPackageSignatureValidation                          Skip validation of package signatures (this can be a security risk if they are not from trusted sources)\n    -packageFingerprintPolicy                                Package fingerprint checking policy (`warn` or `strict`)\n    -packageSigningEntityPolicy                              Package signing entity checking policy (`warn` or `strict`)\n    -json                                                    output as JSON (note: -json implies -quiet)\n    -allowProvisioningUpdates                                Allow xcodebuild to communicate with the Apple Developer website. For automatically signed targets, xcodebuild will create and update profiles, app IDs, and certificates. For manually signed targets, xcodebuild will download missing or updated provisioning profiles. Requires a developer account to have been added in Xcode\'s Accounts settings or an App Store Connect authentication key to be specified via the -authenticationKeyPath, -authenticationKeyID, and -authenticationKeyIssuerID parameters.\n    -allowProvisioningDeviceRegistration                     Allow xcodebuild to register your destination device on the developer portal if necessary. This flag only takes effect if -allowProvisioningUpdates is also passed.\n    -authenticationKeyPath                                   specifies the path to an authentication key issued by App Store Connect. If specified, xcodebuild will authenticate with the Apple Developer website using this credential. The -authenticationKeyID and -authenticationKeyIssuerID parameters are required.\n    -authenticationKeyID                                     specifies the key identifier associated with the App Store Conect authentication key at -authenticationKeyPath. This string can be located in the users and access details for your provider at \"https://appstoreconnect.apple.com\".\n    -authenticationKeyIssuerID                               specifies the App Store Connect issuer identifier associated with the authentication key at -authenticationKeyPath. This string can be located in the users and access details for your provider at \"https://appstoreconnect.apple.com\".\n    -scmProvider                                             which implementation to use for Git operations (system/xcode)\n    -showBuildTimingSummary                                  display a report of the timings of all the commands invoked during the build\n    -create-xcframework                                      create an xcframework from prebuilt libraries; -help for more information.\n"), Noora.TerminalText.Component.raw("")])
  - Takeaways:
    - TerminalText(components: [Noora.TerminalText.Component.raw("If the error is actionable, address it")])
    - TerminalText(components: [Noora.TerminalText.Component.raw("If the error is not actionable, let\'s discuss it in the "), Noora.TerminalText.Component.link(title: "Troubleshooting & how to", href: "https://community.tuist.dev/c/troubleshooting-how-to/6"), Noora.TerminalText.Component.raw("")])
    - TerminalText(components: [Noora.TerminalText.Component.raw("If you are very certain it\'s a bug, "), Noora.TerminalText.Component.link(title: "file an issue", href: "https://github.com/tuist/tuist"), Noora.TerminalText.Component.raw("")])
    - TerminalText(components: [Noora.TerminalText.Component.raw("Check out the logs at "), Noora.TerminalText.Component.raw("/Users/guilherme/Desktop/Mobiliza-ios/.mise-state/tuist/logs/BFD92D3D-8045-4C4D-876E-31BBE1FD11A8.log"), Noora.TerminalText.Component.raw("")])
